06-Aug-2020 15:30:53.743 INFO [main] org.apache.catalina.startup.VersionLoggerListener.log Server version name:   Apache Tomcat/9.0.37
06-Aug-2020 15:30:53.747 INFO [main] org.apache.catalina.startup.VersionLoggerListener.log Server built:          Jun 30 2020 20:09:49 UTC
06-Aug-2020 15:30:53.747 INFO [main] org.apache.catalina.startup.VersionLoggerListener.log Server version number: 9.0.37.0
06-Aug-2020 15:30:53.747 INFO [main] org.apache.catalina.startup.VersionLoggerListener.log OS Name:               Mac OS X
06-Aug-2020 15:30:53.747 INFO [main] org.apache.catalina.startup.VersionLoggerListener.log OS Version:            10.15.5
06-Aug-2020 15:30:53.747 INFO [main] org.apache.catalina.startup.VersionLoggerListener.log Architecture:          x86_64
06-Aug-2020 15:30:53.747 INFO [main] org.apache.catalina.startup.VersionLoggerListener.log Java Home:             /Library/Java/JavaVirtualMachines/jdk-14.0.2.jdk/Contents/Home
06-Aug-2020 15:30:53.748 INFO [main] org.apache.catalina.startup.VersionLoggerListener.log JVM Version:           14.0.2+12-46
06-Aug-2020 15:30:53.748 INFO [main] org.apache.catalina.startup.VersionLoggerListener.log JVM Vendor:            Oracle Corporation
06-Aug-2020 15:30:53.748 INFO [main] org.apache.catalina.startup.VersionLoggerListener.log CATALINA_BASE:         /Users/jaegu/Desktop/dev/Backend/springForBeginners/apache-tomcat-9.0.37
06-Aug-2020 15:30:53.748 INFO [main] org.apache.catalina.startup.VersionLoggerListener.log CATALINA_HOME:         /Users/jaegu/Desktop/dev/Backend/springForBeginners/apache-tomcat-9.0.37
06-Aug-2020 15:30:53.829 INFO [main] org.apache.catalina.startup.VersionLoggerListener.log Command line argument: --add-opens=java.base/java.lang=ALL-UNNAMED
06-Aug-2020 15:30:53.829 INFO [main] org.apache.catalina.startup.VersionLoggerListener.log Command line argument: --add-opens=java.base/java.io=ALL-UNNAMED
06-Aug-2020 15:30:53.829 INFO [main] org.apache.catalina.startup.VersionLoggerListener.log Command line argument: --add-opens=java.rmi/sun.rmi.transport=ALL-UNNAMED
06-Aug-2020 15:30:53.829 INFO [main] org.apache.catalina.startup.VersionLoggerListener.log Command line argument: -Djava.util.logging.config.file=/Users/jaegu/Desktop/dev/Backend/springForBeginners/apache-tomcat-9.0.37/conf/logging.properties
06-Aug-2020 15:30:53.830 INFO [main] org.apache.catalina.startup.VersionLoggerListener.log Command line argument: -Djava.util.logging.manager=org.apache.juli.ClassLoaderLogManager
06-Aug-2020 15:30:53.830 INFO [main] org.apache.catalina.startup.VersionLoggerListener.log Command line argument: -Djdk.tls.ephemeralDHKeySize=2048
06-Aug-2020 15:30:53.830 INFO [main] org.apache.catalina.startup.VersionLoggerListener.log Command line argument: -Djava.protocol.handler.pkgs=org.apache.catalina.webresources
06-Aug-2020 15:30:53.830 INFO [main] org.apache.catalina.startup.VersionLoggerListener.log Command line argument: -Dorg.apache.catalina.security.SecurityListener.UMASK=0027
06-Aug-2020 15:30:53.830 INFO [main] org.apache.catalina.startup.VersionLoggerListener.log Command line argument: -Dignore.endorsed.dirs=
06-Aug-2020 15:30:53.831 INFO [main] org.apache.catalina.startup.VersionLoggerListener.log Command line argument: -Dcatalina.base=/Users/jaegu/Desktop/dev/Backend/springForBeginners/apache-tomcat-9.0.37
06-Aug-2020 15:30:53.831 INFO [main] org.apache.catalina.startup.VersionLoggerListener.log Command line argument: -Dcatalina.home=/Users/jaegu/Desktop/dev/Backend/springForBeginners/apache-tomcat-9.0.37
06-Aug-2020 15:30:53.831 INFO [main] org.apache.catalina.startup.VersionLoggerListener.log Command line argument: -Djava.io.tmpdir=/Users/jaegu/Desktop/dev/Backend/springForBeginners/apache-tomcat-9.0.37/temp
06-Aug-2020 15:30:53.831 INFO [main] org.apache.catalina.core.AprLifecycleListener.lifecycleEvent The Apache Tomcat Native library which allows using OpenSSL was not found on the java.library.path: [/Users/jaegu/Library/Java/Extensions:/Library/Java/Extensions:/Network/Library/Java/Extensions:/System/Library/Java/Extensions:/usr/lib/java:.]
06-Aug-2020 15:30:54.485 INFO [main] org.apache.coyote.AbstractProtocol.init Initializing ProtocolHandler ["http-nio-8080"]
06-Aug-2020 15:30:54.613 INFO [main] org.apache.catalina.startup.Catalina.load Server initialization in [1330] milliseconds
06-Aug-2020 15:30:54.700 INFO [main] org.apache.catalina.core.StandardService.startInternal Starting service [Catalina]
06-Aug-2020 15:30:54.701 INFO [main] org.apache.catalina.core.StandardEngine.startInternal Starting Servlet engine: [Apache Tomcat/9.0.37]
06-Aug-2020 15:30:54.713 INFO [main] org.apache.catalina.startup.HostConfig.deployDirectory Deploying web application directory [/Users/jaegu/Desktop/dev/Backend/springForBeginners/apache-tomcat-9.0.37/webapps/docs]
06-Aug-2020 15:30:55.250 INFO [main] org.apache.catalina.startup.HostConfig.deployDirectory Deployment of web application directory [/Users/jaegu/Desktop/dev/Backend/springForBeginners/apache-tomcat-9.0.37/webapps/docs] has finished in [536] ms
06-Aug-2020 15:30:55.250 INFO [main] org.apache.catalina.startup.HostConfig.deployDirectory Deploying web application directory [/Users/jaegu/Desktop/dev/Backend/springForBeginners/apache-tomcat-9.0.37/webapps/manager]
06-Aug-2020 15:30:55.319 INFO [main] org.apache.catalina.startup.HostConfig.deployDirectory Deployment of web application directory [/Users/jaegu/Desktop/dev/Backend/springForBeginners/apache-tomcat-9.0.37/webapps/manager] has finished in [68] ms
06-Aug-2020 15:30:55.319 INFO [main] org.apache.catalina.startup.HostConfig.deployDirectory Deploying web application directory [/Users/jaegu/Desktop/dev/Backend/springForBeginners/apache-tomcat-9.0.37/webapps/examples]
06-Aug-2020 15:30:55.836 INFO [main] org.apache.catalina.startup.HostConfig.deployDirectory Deployment of web application directory [/Users/jaegu/Desktop/dev/Backend/springForBeginners/apache-tomcat-9.0.37/webapps/examples] has finished in [517] ms
06-Aug-2020 15:30:55.837 INFO [main] org.apache.catalina.startup.HostConfig.deployDirectory Deploying web application directory [/Users/jaegu/Desktop/dev/Backend/springForBeginners/apache-tomcat-9.0.37/webapps/ROOT]
06-Aug-2020 15:30:55.875 INFO [main] org.apache.catalina.startup.HostConfig.deployDirectory Deployment of web application directory [/Users/jaegu/Desktop/dev/Backend/springForBeginners/apache-tomcat-9.0.37/webapps/ROOT] has finished in [37] ms
06-Aug-2020 15:30:55.879 INFO [main] org.apache.catalina.startup.HostConfig.deployDirectory Deploying web application directory [/Users/jaegu/Desktop/dev/Backend/springForBeginners/apache-tomcat-9.0.37/webapps/host-manager]
06-Aug-2020 15:30:55.917 INFO [main] org.apache.catalina.startup.HostConfig.deployDirectory Deployment of web application directory [/Users/jaegu/Desktop/dev/Backend/springForBeginners/apache-tomcat-9.0.37/webapps/host-manager] has finished in [42] ms
06-Aug-2020 15:30:55.949 INFO [main] org.apache.coyote.AbstractProtocol.start Starting ProtocolHandler ["http-nio-8080"]
06-Aug-2020 15:30:55.969 INFO [main] org.apache.catalina.startup.Catalina.start Server startup in [1355] milliseconds
06-Aug-2020 15:32:06.080 INFO [main] org.apache.catalina.core.StandardServer.await A valid shutdown command was received via the shutdown port. Stopping the Server instance.
06-Aug-2020 15:32:06.081 INFO [main] org.apache.coyote.AbstractProtocol.pause Pausing ProtocolHandler ["http-nio-8080"]
06-Aug-2020 15:32:06.088 INFO [main] org.apache.catalina.core.StandardService.stopInternal Stopping service [Catalina]
06-Aug-2020 15:32:06.140 INFO [main] org.apache.coyote.AbstractProtocol.stop Stopping ProtocolHandler ["http-nio-8080"]
06-Aug-2020 15:32:06.143 INFO [main] org.apache.coyote.AbstractProtocol.destroy Destroying ProtocolHandler ["http-nio-8080"]
06-Aug-2020 15:33:05.957 INFO [main] org.apache.catalina.startup.VersionLoggerListener.log Server version name:   Apache Tomcat/9.0.37
06-Aug-2020 15:33:05.960 INFO [main] org.apache.catalina.startup.VersionLoggerListener.log Server built:          Jun 30 2020 20:09:49 UTC
06-Aug-2020 15:33:05.961 INFO [main] org.apache.catalina.startup.VersionLoggerListener.log Server version number: 9.0.37.0
06-Aug-2020 15:33:05.961 INFO [main] org.apache.catalina.startup.VersionLoggerListener.log OS Name:               Mac OS X
06-Aug-2020 15:33:05.961 INFO [main] org.apache.catalina.startup.VersionLoggerListener.log OS Version:            10.15.5
06-Aug-2020 15:33:05.961 INFO [main] org.apache.catalina.startup.VersionLoggerListener.log Architecture:          x86_64
06-Aug-2020 15:33:05.961 INFO [main] org.apache.catalina.startup.VersionLoggerListener.log Java Home:             /Library/Java/JavaVirtualMachines/jdk-14.0.2.jdk/Contents/Home
06-Aug-2020 15:33:05.961 INFO [main] org.apache.catalina.startup.VersionLoggerListener.log JVM Version:           14.0.2+12-46
06-Aug-2020 15:33:05.962 INFO [main] org.apache.catalina.startup.VersionLoggerListener.log JVM Vendor:            Oracle Corporation
06-Aug-2020 15:33:05.962 INFO [main] org.apache.catalina.startup.VersionLoggerListener.log CATALINA_BASE:         /Users/jaegu/Desktop/dev/Backend/springForBeginners/apache-tomcat-9.0.37
06-Aug-2020 15:33:05.962 INFO [main] org.apache.catalina.startup.VersionLoggerListener.log CATALINA_HOME:         /Users/jaegu/Desktop/dev/Backend/springForBeginners/apache-tomcat-9.0.37
06-Aug-2020 15:33:05.992 INFO [main] org.apache.catalina.startup.VersionLoggerListener.log Command line argument: --add-opens=java.base/java.lang=ALL-UNNAMED
06-Aug-2020 15:33:05.992 INFO [main] org.apache.catalina.startup.VersionLoggerListener.log Command line argument: --add-opens=java.base/java.io=ALL-UNNAMED
06-Aug-2020 15:33:05.992 INFO [main] org.apache.catalina.startup.VersionLoggerListener.log Command line argument: --add-opens=java.rmi/sun.rmi.transport=ALL-UNNAMED
06-Aug-2020 15:33:05.992 INFO [main] org.apache.catalina.startup.VersionLoggerListener.log Command line argument: -Djava.util.logging.config.file=/Users/jaegu/Desktop/dev/Backend/springForBeginners/apache-tomcat-9.0.37/conf/logging.properties
06-Aug-2020 15:33:05.993 INFO [main] org.apache.catalina.startup.VersionLoggerListener.log Command line argument: -Djava.util.logging.manager=org.apache.juli.ClassLoaderLogManager
06-Aug-2020 15:33:05.993 INFO [main] org.apache.catalina.startup.VersionLoggerListener.log Command line argument: -Djdk.tls.ephemeralDHKeySize=2048
06-Aug-2020 15:33:05.993 INFO [main] org.apache.catalina.startup.VersionLoggerListener.log Command line argument: -Djava.protocol.handler.pkgs=org.apache.catalina.webresources
06-Aug-2020 15:33:05.993 INFO [main] org.apache.catalina.startup.VersionLoggerListener.log Command line argument: -Dorg.apache.catalina.security.SecurityListener.UMASK=0027
06-Aug-2020 15:33:05.993 INFO [main] org.apache.catalina.startup.VersionLoggerListener.log Command line argument: -Dignore.endorsed.dirs=
06-Aug-2020 15:33:05.993 INFO [main] org.apache.catalina.startup.VersionLoggerListener.log Command line argument: -Dcatalina.base=/Users/jaegu/Desktop/dev/Backend/springForBeginners/apache-tomcat-9.0.37
06-Aug-2020 15:33:05.993 INFO [main] org.apache.catalina.startup.VersionLoggerListener.log Command line argument: -Dcatalina.home=/Users/jaegu/Desktop/dev/Backend/springForBeginners/apache-tomcat-9.0.37
06-Aug-2020 15:33:05.993 INFO [main] org.apache.catalina.startup.VersionLoggerListener.log Command line argument: -Djava.io.tmpdir=/Users/jaegu/Desktop/dev/Backend/springForBeginners/apache-tomcat-9.0.37/temp
06-Aug-2020 15:33:05.994 INFO [main] org.apache.catalina.core.AprLifecycleListener.lifecycleEvent The Apache Tomcat Native library which allows using OpenSSL was not found on the java.library.path: [/Users/jaegu/Library/Java/Extensions:/Library/Java/Extensions:/Network/Library/Java/Extensions:/System/Library/Java/Extensions:/usr/lib/java:.]
06-Aug-2020 15:33:06.465 INFO [main] org.apache.coyote.AbstractProtocol.init Initializing ProtocolHandler ["http-nio-8080"]
06-Aug-2020 15:33:06.535 INFO [main] org.apache.catalina.startup.Catalina.load Server initialization in [892] milliseconds
06-Aug-2020 15:33:06.597 INFO [main] org.apache.catalina.core.StandardService.startInternal Starting service [Catalina]
06-Aug-2020 15:33:06.598 INFO [main] org.apache.catalina.core.StandardEngine.startInternal Starting Servlet engine: [Apache Tomcat/9.0.37]
06-Aug-2020 15:33:06.613 INFO [main] org.apache.catalina.startup.HostConfig.deployDirectory Deploying web application directory [/Users/jaegu/Desktop/dev/Backend/springForBeginners/apache-tomcat-9.0.37/webapps/docs]
06-Aug-2020 15:33:06.994 INFO [main] org.apache.catalina.startup.HostConfig.deployDirectory Deployment of web application directory [/Users/jaegu/Desktop/dev/Backend/springForBeginners/apache-tomcat-9.0.37/webapps/docs] has finished in [381] ms
06-Aug-2020 15:33:06.995 INFO [main] org.apache.catalina.startup.HostConfig.deployDirectory Deploying web application directory [/Users/jaegu/Desktop/dev/Backend/springForBeginners/apache-tomcat-9.0.37/webapps/manager]
06-Aug-2020 15:33:07.060 INFO [main] org.apache.catalina.startup.HostConfig.deployDirectory Deployment of web application directory [/Users/jaegu/Desktop/dev/Backend/springForBeginners/apache-tomcat-9.0.37/webapps/manager] has finished in [64] ms
06-Aug-2020 15:33:07.060 INFO [main] org.apache.catalina.startup.HostConfig.deployDirectory Deploying web application directory [/Users/jaegu/Desktop/dev/Backend/springForBeginners/apache-tomcat-9.0.37/webapps/examples]
06-Aug-2020 15:33:07.539 INFO [main] org.apache.catalina.startup.HostConfig.deployDirectory Deployment of web application directory [/Users/jaegu/Desktop/dev/Backend/springForBeginners/apache-tomcat-9.0.37/webapps/examples] has finished in [479] ms
06-Aug-2020 15:33:07.540 INFO [main] org.apache.catalina.startup.HostConfig.deployDirectory Deploying web application directory [/Users/jaegu/Desktop/dev/Backend/springForBeginners/apache-tomcat-9.0.37/webapps/ROOT]
06-Aug-2020 15:33:07.570 INFO [main] org.apache.catalina.startup.HostConfig.deployDirectory Deployment of web application directory [/Users/jaegu/Desktop/dev/Backend/springForBeginners/apache-tomcat-9.0.37/webapps/ROOT] has finished in [30] ms
06-Aug-2020 15:33:07.571 INFO [main] org.apache.catalina.startup.HostConfig.deployDirectory Deploying web application directory [/Users/jaegu/Desktop/dev/Backend/springForBeginners/apache-tomcat-9.0.37/webapps/host-manager]
06-Aug-2020 15:33:07.609 INFO [main] org.apache.catalina.startup.HostConfig.deployDirectory Deployment of web application directory [/Users/jaegu/Desktop/dev/Backend/springForBeginners/apache-tomcat-9.0.37/webapps/host-manager] has finished in [37] ms
06-Aug-2020 15:33:07.613 INFO [main] org.apache.coyote.AbstractProtocol.start Starting ProtocolHandler ["http-nio-8080"]
06-Aug-2020 15:33:07.633 INFO [main] org.apache.catalina.startup.Catalina.start Server startup in [1097] milliseconds
06-Aug-2020 15:34:28.015 INFO [main] org.apache.catalina.core.StandardServer.await A valid shutdown command was received via the shutdown port. Stopping the Server instance.
06-Aug-2020 15:34:28.015 INFO [main] org.apache.coyote.AbstractProtocol.pause Pausing ProtocolHandler ["http-nio-8080"]
06-Aug-2020 15:34:28.029 INFO [main] org.apache.catalina.core.StandardService.stopInternal Stopping service [Catalina]
06-Aug-2020 15:34:28.059 INFO [main] org.apache.coyote.AbstractProtocol.stop Stopping ProtocolHandler ["http-nio-8080"]
06-Aug-2020 15:34:28.062 INFO [main] org.apache.coyote.AbstractProtocol.destroy Destroying ProtocolHandler ["http-nio-8080"]
